Jax plugin configuration error: Exception when calling jax_plugins.xla_cuda12.initialize()
Traceback (most recent call last):
  File "/home/2025/asaffa4/envs/comp579-breakthrough/lib/python3.11/site-packages/jax_plugins/xla_cuda12/__init__.py", line 201, in _version_check
    version = get_version()
              ^^^^^^^^^^^^^
RuntimeError: jaxlib/cuda/versions_helpers.cc:85: operation cusparseGetProperty(MAJOR_VERSION, &major) failed: The cuSPARSE library was not found.

The above exception was the direct cause of the following exception:

Traceback (most recent call last):
  File "/home/2025/asaffa4/envs/comp579-breakthrough/lib/python3.11/site-packages/jax/_src/xla_bridge.py", line 487, in discover_pjrt_plugins
    plugin_module.initialize()
  File "/home/2025/asaffa4/envs/comp579-breakthrough/lib/python3.11/site-packages/jax_plugins/xla_cuda12/__init__.py", line 370, in initialize
    _check_cuda_versions(raise_on_first_error = True)
  File "/home/2025/asaffa4/envs/comp579-breakthrough/lib/python3.11/site-packages/jax_plugins/xla_cuda12/__init__.py", line 266, in _check_cuda_versions
    _version_check("cuSPARSE", cuda_versions.cusparse_get_version,
  File "/home/2025/asaffa4/envs/comp579-breakthrough/lib/python3.11/site-packages/jax_plugins/xla_cuda12/__init__.py", line 205, in _version_check
    raise RuntimeError(err_msg) from e
RuntimeError: Unable to load cuSPARSE. Is it installed?
An NVIDIA GPU may be present on this machine, but a CUDA-enabled jaxlib is not installed. Falling back to cpu.
Traceback (most recent call last):
  File "/home/2025/asaffa4/alphagateau-breakthrough-v2/scripts/evaluate_models.py", line 35, in <module>
    main()
  File "/home/2025/asaffa4/alphagateau-breakthrough-v2/scripts/evaluate_models.py", line 22, in main
    summary = evaluate_checkpoint_pair(
              ^^^^^^^^^^^^^^^^^^^^^^^^^
  File "/home/2025/asaffa4/alphagateau-breakthrough-v2/src/alphagateau_breakthrough/evaluation.py", line 248, in evaluate_checkpoint_pair
    payload_b = load_checkpoint(checkpoint_b)
                ^^^^^^^^^^^^^^^^^^^^^^^^^^^^^
  File "/home/2025/asaffa4/alphagateau-breakthrough-v2/src/alphagateau_breakthrough/models.py", line 400, in load_checkpoint
    with Path(path).open("rb") as file:
         ^^^^^^^^^^^^^^^^^^^^^
  File "/home/2025/asaffa4/envs/comp579-breakthrough/lib/python3.11/pathlib.py", line 1044, in open
    return io.open(self, mode, buffering, encoding, errors, newline)
           ^^^^^^^^^^^^^^^^^^^^^^^^^^^^^^^^^^^^^^^^^^^^^^^^^^^^^^^^^
FileNotFoundError: [Errno 2] No such file or directory: '/home/2025/asaffa4/alphagateau-breakthrough-v2/artifacts/experiments/\ncnn_8x8_scratch/checkpoints/final.pkl'
